\BOOKMARK [0][-]{chapter.1}{Legge di Darcy e mezzi porosi}{}% 1
\BOOKMARK [1][-]{section.1.1}{Descrizione dello scenario}{chapter.1}% 2
\BOOKMARK [0][-]{chapter.2}{Implementazione}{}% 3
\BOOKMARK [1][-]{section.2.1}{Tipologie di IAM}{chapter.2}% 4
\BOOKMARK [1][-]{section.2.2}{Componenti logiche}{chapter.2}% 5
\BOOKMARK [2][-]{subsection.2.2.1}{Provisioning}{section.2.2}% 6
\BOOKMARK [2][-]{subsection.2.2.2}{Workflow}{section.2.2}% 7
\BOOKMARK [2][-]{subsection.2.2.3}{User Self Service e password management}{section.2.2}% 8
\BOOKMARK [2][-]{subsection.2.2.4}{Amministrazione delle deleghe}{section.2.2}% 9
\BOOKMARK [2][-]{subsection.2.2.5}{Change reconciliation}{section.2.2}% 10
\BOOKMARK [2][-]{subsection.2.2.6}{Audit and reporting}{section.2.2}% 11
\BOOKMARK [2][-]{subsection.2.2.7}{Single Sign On}{section.2.2}% 12
\BOOKMARK [1][-]{section.2.3}{Soluzioni presenti sul mercato}{chapter.2}% 13
\BOOKMARK [0][-]{chapter.3}{Classi Base}{}% 14
\BOOKMARK [1][-]{section.3.1}{Descrizione dello scenario}{chapter.3}% 15
\BOOKMARK [0][-]{chapter.4}{Problema numerico}{}% 16
\BOOKMARK [1][-]{section.4.1}{Descrizione dello scenario}{chapter.4}% 17
\BOOKMARK [0][-]{chapter.5}{Classi Fratture}{}% 18
\BOOKMARK [1][-]{section.5.1}{Descrizione dello scenario}{chapter.5}% 19
\BOOKMARK [0][-]{chapter.6}{Il caso Unicredit - titolo provvisorio}{}% 20
\BOOKMARK [1][-]{section.6.1}{Ambiente AS-IS}{chapter.6}% 21
\BOOKMARK [2][-]{subsection.6.1.1}{Soluzione precedente}{section.6.1}% 22
\BOOKMARK [1][-]{section.6.2}{Nuova implementazione del modulo ETL}{chapter.6}% 23
\BOOKMARK [2][-]{subsection.6.2.1}{Concorrenza nell'accesso ai dati}{section.6.2}% 24
\BOOKMARK [2][-]{subsection.6.2.2}{Scalabilit\340}{section.6.2}% 25
